app/build/outputs/logs/manifest-merger-debug-report.txt
-- Merging decision tree log ---
manifest
ADDED from src\main\AndroidManifest.xml:2:1-123:12
INJECTED from src\main\AndroidManifest.xml:2:1-123:12
INJECTED from src\main\AndroidManifest.xml:2:1-123:12
INJECTED from src\main\AndroidManifest.xml:2:1-123:12
MERGED from [com.mikepenz:aboutlibraries:5.6.7] AndroidManifest.xml:2:1-15:12
MERGED from [com.afollestad.material-dialogs:core:0.8.6.1] AndroidManifest.xml:2:1-15:12
MERGED from [com.facebook.android:facebook-android-sdk:4.28.0] AndroidManifest.xml:21:1-31:12
MERGED from [com.facebook.android:facebook-login:4.28.0] AndroidManifest.xml:21:1-31:12
MERGED from [com.facebook.android:facebook-share:4.28.0] AndroidManifest.xml:21:1-31:12
MERGED from [com.facebook.android:facebook-common:4.28.0] AndroidManifest.xml:21:1-36:12
MERGED from [com.android.support:cardview-v7:25.3.1] AndroidManifest.xml:17:1-28:12
MERGED from [com.android.support:design:24.0.0] AndroidManifest.xml:17:1-24:12
MERGED from [com.github.paolorotolo:appintro:3.4.0] AndroidManifest.xml:2:1-11:12
MERGED from [com.mikepenz:fastadapter:1.5.2] AndroidManifest.xml:2:1-12:12
MERGED from [com.mikepenz:iconics-core:2.6.0] AndroidManifest.xml:2:1-12:12
MERGED from [me.zhanghai.android.materialprogressbar:library:1.1.6] AndroidManifest.xml:6:1-16:12
MERGED from [com.android.support:appcompat-v7:25.3.1] AndroidManifest.xml:17:1-31:12
MERGED from [com.android.support:recyclerview-v7:24.0.0] AndroidManifest.xml:17:1-22:12
MERGED from [com.wdullaer:materialdatetimepicker:2.0.2] AndroidManifest.xml:17:1-30:12
MERGED from [com.google.android.gms:play-services-location:9.4.0] AndroidManifest.xml:16:1-20:12
MERGED from [com.google.android.gms:play-services-places:9.4.0] AndroidManifest.xml:16:1-20:12
MERGED from [com.google.android.gms:play-services-maps:9.4.0] AndroidManifest.xml:16:1-28:12
MERGED from [com.google.android.gms:play-services-ads:9.4.0] AndroidManifest.xml:16:1-20:12
MERGED from [com.google.android.gms:play-services-clearcut:9.4.0] AndroidManifest.xml:16:1-20:12
MERGED from [com.google.android.gms:play-services-base:9.4.0] AndroidManifest.xml:16:1-24:12
MERGED from [com.google.android.gms:play-services-ads-lite:9.4.0] AndroidManifest.xml:16:1-33:12
MERGED from [com.google.android.gms:play-services-gass:9.4.0] AndroidManifest.xml:16:1-20:12
MERGED from [com.google.android.gms:play-services-tasks:9.4.0] AndroidManifest.xml:2:1-6:12
MERGED from [com.google.android.gms:play-services-basement:9.4.0] AndroidManifest.xml:16:1-26:12
MERGED from [com.android.support:support-v4:25.3.1] AndroidManifest.xml:17:1-31:12
MERGED from [com.android.volley:volley:1.0.0] AndroidManifest.xml:2:1-11:12
MERGED from [com.github.satyan:sugar:1.5] AndroidManifest.xml:2:1-11:12
MERGED from [com.makeramen:roundedimageview:2.2.1] AndroidManifest.xml:2:1-9:12
MERGED from [com.github.clans:fab:1.6.4] AndroidManifest.xml:2:1-14:12
MERGED from [com.android.support:multidex:1.0.2] AndroidManifest.xml:17:1-22:12
MERGED from [com.facebook.android:facebook-places:4.28.0] AndroidManifest.xml:21:1-31:12
MERGED from [com.facebook.android:facebook-applinks:4.28.0] AndroidManifest.xml:21:1-31:12
MERGED from [com.facebook.android:facebook-messenger:4.28.0] AndroidManifest.xml:21:1-31:12
MERGED from [com.facebook.android:facebook-core:4.28.0] AndroidManifest.xml:21:1-45:12
MERGED from [com.android.support:support-fragment:25.3.1] AndroidManifest.xml:17:1-31:12
MERGED from [com.android.support:support-core-utils:25.3.1] AndroidManifest.xml:17:1-31:12
MERGED from [com.android.support:customtabs:25.3.1] AndroidManifest.xml:17:1-28:12
MERGED from [com.android.support:animated-vector-drawable:25.3.1] AndroidManifest.xml:17:1-28:12
MERGED from [com.android.support:support-vector-drawable:25.3.1] AndroidManifest.xml:17:1-28:12
MERGED from [com.android.support:support-media-compat:25.3.1] AndroidManifest.xml:17:1-31:12
MERGED from [com.android.support:support-core-ui:25.3.1] AndroidManifest.xml:17:1-31:12
MERGED from [com.android.support:support-compat:25.3.1] AndroidManifest.xml:17:1-31:12
INJECTED from src\main\AndroidManifest.xml:2:1-123:12
INJECTED from src\main\AndroidManifest.xml:2:1-123:12
INJECTED from src\main\AndroidManifest.xml:2:1-123:12
	package
		ADDED from src\main\AndroidManifest.xml:3:5-28
		INJECTED from src\main\AndroidManifest.xml
		INJECTED from src\main\AndroidManifest.xml
	android:versionName
		ADDED from src\main\AndroidManifest.xml:5:5-30
		INJECTED from src\main\AndroidManifest.xml
		INJECTED from src\main\AndroidManifest.xml
	xmlns:android
		ADDED from src\main\AndroidManifest.xml:2:11-69
	android:versionCode
		ADDED from src\main\AndroidManifest.xml:4:5-28
		INJECTED from src\main\AndroidManifest.xml
		INJECTED from src\main\AndroidManifest.xml
uses-permission#android.permission.CALL_PHONE
ADDED from src\main\AndroidManifest.xml:7:5-69
	android:name
		ADDED from src\main\AndroidManifest.xml:7:22-66
uses-permission#android.permission.INTERNET
ADDED from src\main\AndroidManifest.xml:8:5-67
MERGED from [com.google.android.gms:play-services-maps:9.4.0] AndroidManifest.xml:21:5-66
MERGED from [com.google.android.gms:play-services-maps:9.4.0] AndroidManifest.xml:21:5-66
MERGED from [com.google.android.gms:play-services-ads-lite:9.4.0] AndroidManifest.xml:20:5-66
MERGED from [com.google.android.gms:play-services-ads-lite:9.4.0] AndroidManifest.xml:20:5-66
	android:name
		ADDED from src\main\AndroidManifest.xml:8:22-64
uses-permission#android.permission.ACCESS_NETWORK_STATE
ADDED from src\main\AndroidManifest.xml:9:5-79
MERGED from [com.google.android.gms:play-services-maps:9.4.0] AndroidManifest.xml:20:5-78
MERGED from [com.google.android.gms:play-services-maps:9.4.0] AndroidManifest.xml:20:5-78
MERGED from [com.google.android.gms:play-services-ads-lite:9.4.0] AndroidManifest.xml:21:5-78
MERGED from [com.google.android.gms:play-services-ads-lite:9.4.0] AndroidManifest.xml:21:5-78
	android:name
		ADDED from src\main\AndroidManifest.xml:9:22-76
uses-permission#android.permission.WRITE_EXTERNAL_STORAGE
ADDED from src\main\AndroidManifest.xml:10:5-81
	android:name
		ADDED from src\main\AndroidManifest.xml:10:22-78
uses-permission#android.permission.ACCESS_COARSE_LOCATION
ADDED from src\main\AndroidManifest.xml:11:5-81
	android:name
		ADDED from src\main\AndroidManifest.xml:11:22-78
uses-permission#android.permission.ACCESS_FINE_LOCATION
ADDED from src\main\AndroidManifest.xml:12:5-79
	android:name
		ADDED from src\main\AndroidManifest.xml:12:22-76
uses-permission#com.google.android.providers.gsf.permission.READ_GSERVICES
ADDED from src\main\AndroidManifest.xml:13:5-98
	android:name
		ADDED from src\main\AndroidManifest.xml:13:22-95
uses-permission#android.permission.GET_ACCOUNTS
ADDED from src\main\AndroidManifest.xml:14:5-71
	android:name
		ADDED from src\main\AndroidManifest.xml:14:22-68
uses-permission#android.permission.READ_PHONE_STATE
ADDED from src\main\AndroidManifest.xml:15:5-75
	android:name
		ADDED from src\main\AndroidManifest.xml:15:22-72
uses-feature#0x00020000
ADDED from src\main\AndroidManifest.xml:17:5-19:35
MERGED from [com.google.android.gms:play-services-maps:9.4.0] AndroidManifest.xml:22:5-24:33
MERGED from [com.google.android.gms:play-services-maps:9.4.0] AndroidManifest.xml:22:5-24:33
	android:glEsVersion
		ADDED from src\main\AndroidManifest.xml:18:9-41
	android:required
		ADDED from src\main\AndroidManifest.xml:19:9-32
application
ADDED from src\main\AndroidManifest.xml:21:5-121:19
MERGED from [com.mikepenz:aboutlibraries:5.6.7] AndroidManifest.xml:11:5-13:19
MERGED from [com.mikepenz:aboutlibraries:5.6.7] AndroidManifest.xml:11:5-13:19
MERGED from [com.afollestad.material-dialogs:core:0.8.6.1] AndroidManifest.xml:13:5-20
MERGED from [com.afollestad.material-dialogs:core:0.8.6.1] AndroidManifest.xml:13:5-20
MERGED from [com.facebook.android:facebook-android-sdk:4.28.0] AndroidManifest.xml:28:5-29:19
MERGED from [com.facebook.android:facebook-android-sdk:4.28.0] AndroidManifest.xml:28:5-29:19
MERGED from [com.facebook.android:facebook-login:4.28.0] AndroidManifest.xml:28:5-29:19
MERGED from [com.facebook.android:facebook-login:4.28.0] AndroidManifest.xml:28:5-29:19
MERGED from [com.facebook.android:facebook-share:4.28.0] AndroidManifest.xml:28:5-29:19
MERGED from [com.facebook.android:facebook-share:4.28.0] AndroidManifest.xml:28:5-29:19
MERGED from [com.facebook.android:facebook-common:4.28.0] AndroidManifest.xml:28:5-34:19
MERGED from [com.facebook.android:facebook-common:4.28.0] AndroidManifest.xml:28:5-34:19
MERGED from [com.android.support:cardview-v7:25.3.1] AndroidManifest.xml:26:5-20
MERGED from [com.android.support:cardview-v7:25.3.1] AndroidManifest.xml:26:5-20
MERGED from [com.android.support:design:24.0.0] AndroidManifest.xml:22:5-20
MERGED from [com.android.support:design:24.0.0] AndroidManifest.xml:22:5-20
MERGED from [com.android.support:appcompat-v7:25.3.1] AndroidManifest.xml:29:5-20
MERGED from [com.android.support:appcompat-v7:25.3.1] AndroidManifest.xml:29:5-20
MERGED from [com.wdullaer:materialdatetimepicker:2.0.2] AndroidManifest.xml:28:5-20
MERGED from [com.wdullaer:materialdatetimepicker:2.0.2] AndroidManifest.xml:28:5-20
MERGED from [com.google.android.gms:play-services-location:9.4.0] AndroidManifest.xml:19:5-20
MERGED from [com.google.android.gms:play-services-location:9.4.0] AndroidManifest.xml:19:5-20
MERGED from [com.google.android.gms:play-services-places:9.4.0] AndroidManifest.xml:19:5-20
MERGED from [com.google.android.gms:play-services-places:9.4.0] AndroidManifest.xml:19:5-20
MERGED from [com.google.android.gms:play-services-maps:9.4.0] AndroidManifest.xml:27:5-20
MERGED from [com.google.android.gms:play-services-maps:9.4.0] AndroidManifest.xml:27:5-20
MERGED from [com.google.android.gms:play-services-clearcut:9.4.0] AndroidManifest.xml:19:5-20
MERGED from [com.google.android.gms:play-services-clearcut:9.4.0] AndroidManifest.xml:19:5-20
MERGED from [com.google.android.gms:play-services-base:9.4.0] AndroidManifest.xml:19:5-23:19
MERGED from [com.google.android.gms:play-services-base:9.4.0] AndroidManifest.xml:19:5-23:19
MERGED from [com.google.android.gms:play-services-ads-lite:9.4.0] AndroidManifest.xml:24:5-32:19
MERGED from [com.google.android.gms:play-services-ads-lite:9.4.0] AndroidManifest.xml:24:5-32:19
MERGED from [com.google.android.gms:play-services-gass:9.4.0] AndroidManifest.xml:19:5-20
MERGED from [com.google.android.gms:play-services-gass:9.4.0] AndroidManifest.xml:19:5-20
MERGED from [com.google.android.gms:play-services-tasks:9.4.0] AndroidManifest.xml:5:5-20
MERGED from [com.google.android.gms:play-services-tasks:9.4.0] AndroidManifest.xml:5:5-20
MERGED from [com.google.android.gms:play-services-basement:9.4.0] AndroidManifest.xml:20:5-24:19
MERGED from [com.google.android.gms:play-services-basement:9.4.0] AndroidManifest.xml:20:5-24:19
MERGED from [com.android.support:support-v4:25.3.1] AndroidManifest.xml:29:5-20
MERGED from [com.android.support:support-v4:25.3.1] AndroidManifest.xml:29:5-20
MERGED from [com.android.volley:volley:1.0.0] AndroidManifest.xml:9:5-20
MERGED from [com.android.volley:volley:1.0.0] AndroidManifest.xml:9:5-20
MERGED from [com.github.clans:fab:1.6.4] AndroidManifest.xml:12:5-20
MERGED from [com.github.clans:fab:1.6.4] AndroidManifest.xml:12:5-20
MERGED from [com.facebook.android:facebook-places:4.28.0] AndroidManifest.xml:28:5-29:19
MERGED from [com.facebook.android:facebook-places:4.28.0] AndroidManifest.xml:28:5-29:19
MERGED from [com.facebook.android:facebook-applinks:4.28.0] AndroidManifest.xml:28:5-29:19
MERGED from [com.facebook.android:facebook-applinks:4.28.0] AndroidManifest.xml:28:5-29:19
MERGED from [com.facebook.android:facebook-messenger:4.28.0] AndroidManifest.xml:28:5-29:19
MERGED from [com.facebook.android:facebook-messenger:4.28.0] AndroidManifest.xml:28:5-29:19
MERGED from [com.facebook.android:facebook-core:4.28.0] AndroidManifest.xml:28:5-43:19
MERGED from [com.facebook.android:facebook-core:4.28.0] AndroidManifest.xml:28:5-43:19
MERGED from [com.android.support:support-fragment:25.3.1] AndroidManifest.xml:29:5-20
MERGED from [com.android.support:support-fragment:25.3.1] AndroidManifest.xml:29:5-20
MERGED from [com.android.support:support-core-utils:25.3.1] AndroidManifest.xml:29:5-20
MERGED from [com.android.support:support-core-utils:25.3.1] AndroidManifest.xml:29:5-20
MERGED from [com.android.support:customtabs:25.3.1] AndroidManifest.xml:26:5-20
MERGED from [com.android.support:customtabs:25.3.1] AndroidManifest.xml:26:5-20
MERGED from [com.android.support:animated-vector-drawable:25.3.1] AndroidManifest.xml:26:5-20
MERGED from [com.android.support:animated-vector-drawable:25.3.1] AndroidManifest.xml:26:5-20
MERGED from [com.android.support:support-vector-drawable:25.3.1] AndroidManifest.xml:26:5-20
MERGED from [com.android.support:support-vector-drawable:25.3.1] AndroidManifest.xml:26:5-20
MERGED from [com.android.support:support-media-compat:25.3.1] AndroidManifest.xml:29:5-20
MERGED from [com.android.support:support-media-compat:25.3.1] AndroidManifest.xml:29:5-20
MERGED from [com.android.support:support-core-ui:25.3.1] AndroidManifest.xml:29:5-20
MERGED from [com.android.support:support-core-ui:25.3.1] AndroidManifest.xml:29:5-20
MERGED from [com.android.support:support-compat:25.3.1] AndroidManifest.xml:29:5-20
MERGED from [com.android.support:support-compat:25.3.1] AndroidManifest.xml:29:5-20
	android:supportsRtl
		ADDED from [com.facebook.android:facebook-android-sdk:4.28.0] AndroidManifest.xml:28:18-44
	android:label
		ADDED from src\main\AndroidManifest.xml:26:9-43
	android:fullBackupContent
		ADDED from src\main\AndroidManifest.xml:24:9-41
	android:icon
		ADDED from src\main\AndroidManifest.xml:25:9-43
	android:allowBackup
		ADDED from src\main\AndroidManifest.xml:23:9-35
	android:theme
		ADDED from src\main\AndroidManifest.xml:27:9-40
	android:name
		ADDED from src\main\AndroidManifest.xml:22:9-43
activity#com.sharepark.AppIntro
ADDED from src\main\AndroidManifest.xml:28:9-37:20
	android:label
		ADDED from src\main\AndroidManifest.xml:30:13-43
	android:theme
		ADDED from src\main\AndroidManifest.xml:31:13-51
	android:name
		ADDED from src\main\AndroidManifest.xml:29:13-37
intent-filter#android.intent.action.MAIN+android.intent.category.LAUNCHER
ADDED from src\main\AndroidManifest.xml:32:13-36:29
action#android.intent.action.MAIN
ADDED from src\main\AndroidManifest.xml:33:17-69
	android:name
		ADDED from src\main\AndroidManifest.xml:33:25-66
category#android.intent.category.LAUNCHER
ADDED from src\main\AndroidManifest.xml:35:17-77
	android:name
		ADDED from src\main\AndroidManifest.xml:35:27-74
activity#com.sharepark.activities.MainActivity
ADDED from src\main\AndroidManifest.xml:38:9-42:47
	android:label
		ADDED from src\main\AndroidManifest.xml:40:13-45
	android:launchMode
		ADDED from src\main\AndroidManifest.xml:41:13-44
	android:theme
		ADDED from src\main\AndroidManifest.xml:42:13-44
	android:name
		ADDED from src\main\AndroidManifest.xml:39:13-52
activity#com.sharepark.activities.Register
ADDED from src\main\AndroidManifest.xml:43:9-46:47
	android:launchMode
		ADDED from src\main\AndroidManifest.xml:45:13-43
	android:theme
		ADDED from src\main\AndroidManifest.xml:46:13-44
	android:name
		ADDED from src\main\AndroidManifest.xml:44:13-48
activity#com.sharepark.activities.Login
ADDED from src\main\AndroidManifest.xml:47:9-50:57
	android:launchMode
		ADDED from src\main\AndroidManifest.xml:49:13-43
	android:theme
		ADDED from src\main\AndroidManifest.xml:50:13-54
	android:name
		ADDED from src\main\AndroidManifest.xml:48:13-45
activity#com.sharepark.activities.ForgotPassword
ADDED from src\main\AndroidManifest.xml:51:9-54:47
	android:launchMode
		ADDED from src\main\AndroidManifest.xml:53:13-43
	android:theme
		ADDED from src\main\AndroidManifest.xml:54:13-44
	android:name
		ADDED from src\main\AndroidManifest.xml:52:13-54
activity#com.sharepark.activities.Verification
ADDED from src\main\AndroidManifest.xml:55:9-57:47
	android:theme
		ADDED from src\main\AndroidManifest.xml:57:13-44
	android:name
		ADDED from src\main\AndroidManifest.xml:56:13-52
service#com.paypal.android.sdk.payments.PayPalService
ADDED from src\main\AndroidManifest.xml:61:9-63:40
	android:exported
		ADDED from src\main\AndroidManifest.xml:63:13-37
	android:name
		ADDED from src\main\AndroidManifest.xml:62:13-73
activity#io.card.payment.CardIOActivity
ADDED from src\main\AndroidManifest.xml:65:9-67:66
	android:configChanges
		ADDED from src\main\AndroidManifest.xml:67:13-63
	android:name
		ADDED from src\main\AndroidManifest.xml:66:13-58
activity#io.card.payment.DataEntryActivity
ADDED from src\main\AndroidManifest.xml:68:9-70
	android:name
		ADDED from src\main\AndroidManifest.xml:68:19-67
meta-data#com.facebook.sdk.ApplicationId
ADDED from src\main\AndroidManifest.xml:70:9-72:55
	android:value
		ADDED from src\main\AndroidManifest.xml:72:13-52
	android:name
		ADDED from src\main\AndroidManifest.xml:71:13-58
activity#com.facebook.FacebookActivity
ADDED from src\main\AndroidManifest.xml:74:9-78:15
MERGED from [com.facebook.android:facebook-common:4.28.0] AndroidManifest.xml:29:9-32:66
MERGED from [com.facebook.android:facebook-common:4.28.0] AndroidManifest.xml:29:9-32:66
	android:label
		ADDED from src\main\AndroidManifest.xml:77:13-45
	android:configChanges
		ADDED from src\main\AndroidManifest.xml:76:13-96
	android:theme
		ADDED from [com.facebook.android:facebook-common:4.28.0] AndroidManifest.xml:32:13-63
	android:name
		ADDED from src\main\AndroidManifest.xml:75:13-57
receiver#com.sharepark.util.NotificationPublisher
ADDED from src\main\AndroidManifest.xml:87:9-64
	android:name
		ADDED from src\main\AndroidManifest.xml:87:19-61
activity#com.sharepark.activities.AboutUs
ADDED from src\main\AndroidManifest.xml:89:9-91:37
	android:label
		ADDED from src\main\AndroidManifest.xml:91:13-34
	android:name
		ADDED from src\main\AndroidManifest.xml:90:13-47
activity#com.sharepark.activities.Terms
ADDED from src\main\AndroidManifest.xml:92:9-54
	android:name
		ADDED from src\main\AndroidManifest.xml:92:19-51
activity#com.google.android.gms.ads.AdActivity
ADDED from src\main\AndroidManifest.xml:93:9-96:64
MERGED from [com.google.android.gms:play-services-ads-lite:9.4.0] AndroidManifest.xml:26:9-29:64
MERGED from [com.google.android.gms:play-services-ads-lite:9.4.0] AndroidManifest.xml:26:9-29:64
	android:configChanges
		ADDED from src\main\AndroidManifest.xml:95:13-122
	android:theme
		ADDED from src\main\AndroidManifest.xml:96:13-61
	android:name
		ADDED from src\main\AndroidManifest.xml:94:13-65
meta-data#com.google.android.gms.version
ADDED from src\main\AndroidManifest.xml:101:9-103:69
MERGED from [com.google.android.gms:play-services-basement:9.4.0] AndroidManifest.xml:21:9-23:69
MERGED from [com.google.android.gms:play-services-basement:9.4.0] AndroidManifest.xml:21:9-23:69
	android:value
		ADDED from src\main\AndroidManifest.xml:103:13-66
	android:name
		ADDED from src\main\AndroidManifest.xml:102:13-58
meta-data#com.google.android.geo.API_KEY
ADDED from src\main\AndroidManifest.xml:104:9-106:55
	android:value
		ADDED from src\main\AndroidManifest.xml:106:13-52
	android:name
		ADDED from src\main\AndroidManifest.xml:105:13-58
activity#com.sharepark.activities.AddSharedParkingMap
ADDED from src\main\AndroidManifest.xml:108:9-110:77
	android:label
		ADDED from src\main\AndroidManifest.xml:110:13-74
	android:name
		ADDED from src\main\AndroidManifest.xml:109:13-59
activity#com.sharepark.activities.SharedParkingDetails
ADDED from src\main\AndroidManifest.xml:111:9-69
	android:name
		ADDED from src\main\AndroidManifest.xml:111:19-66
activity#com.sharepark.activities.InquireSharedParking
ADDED from src\main\AndroidManifest.xml:112:9-115:47
	android:label
		ADDED from src\main\AndroidManifest.xml:114:13-74
	android:theme
		ADDED from src\main\AndroidManifest.xml:115:13-44
	android:name
		ADDED from src\main\AndroidManifest.xml:113:13-60
activity#com.sharepark.activities.MyParkingDetails
ADDED from src\main\AndroidManifest.xml:116:9-119:47
	android:label
		ADDED from src\main\AndroidManifest.xml:118:13-70
	android:theme
		ADDED from src\main\AndroidManifest.xml:119:13-44
	android:name
		ADDED from src\main\AndroidManifest.xml:117:13-56
activity#com.sharepark.recycler.MessageRecycler
ADDED from src\main\AndroidManifest.xml:120:9-71
	android:name
		ADDED from src\main\AndroidManifest.xml:120:19-59
uses-sdk
INJECTED from src\main\AndroidManifest.xml reason: use-sdk injection requested
INJECTED from src\main\AndroidManifest.xml
INJECTED from src\main\AndroidManifest.xml
MERGED from [com.mikepenz:aboutlibraries:5.6.7] AndroidManifest.xml:7:5-9:41
MERGED from [com.mikepenz:aboutlibraries:5.6.7] AndroidManifest.xml:7:5-9:41
MERGED from [com.afollestad.material-dialogs:core:0.8.6.1] AndroidManifest.xml:8:5-11:75
MERGED from [com.afollestad.material-dialogs:core:0.8.6.1] AndroidManifest.xml:8:5-11:75
MERGED from [com.facebook.android:facebook-android-sdk:4.28.0] AndroidManifest.xml:24:5-26:41
MERGED from [com.facebook.android:facebook-android-sdk:4.28.0] AndroidManifest.xml:24:5-26:41
MERGED from [com.facebook.android:facebook-login:4.28.0] AndroidManifest.xml:24:5-26:41
MERGED from [com.facebook.android:facebook-login:4.28.0] AndroidManifest.xml:24:5-26:41
MERGED from [com.facebook.android:facebook-share:4.28.0] AndroidManifest.xml:24:5-26:41
MERGED from [com.facebook.android:facebook-share:4.28.0] AndroidManifest.xml:24:5-26:41
MERGED from [com.facebook.android:facebook-common:4.28.0] AndroidManifest.xml:24:5-26:41
MERGED from [com.facebook.android:facebook-common:4.28.0] AndroidManifest.xml:24:5-26:41
MERGED from [com.android.support:cardview-v7:25.3.1] AndroidManifest.xml:20:5-43
MERGED from [com.android.support:cardview-v7:25.3.1] AndroidManifest.xml:20:5-43
MERGED from [com.android.support:design:24.0.0] AndroidManifest.xml:20:5-43
MERGED from [com.android.support:design:24.0.0] AndroidManifest.xml:20:5-43
MERGED from [com.github.paolorotolo:appintro:3.4.0] AndroidManifest.xml:7:5-9:41
MERGED from [com.github.paolorotolo:appintro:3.4.0] AndroidManifest.xml:7:5-9:41
MERGED from [com.mikepenz:fastadapter:1.5.2] AndroidManifest.xml:8:5-10:41
MERGED from [com.mikepenz:fastadapter:1.5.2] AndroidManifest.xml:8:5-10:41
MERGED from [com.mikepenz:iconics-core:2.6.0] AndroidManifest.xml:8:5-10:41
MERGED from [com.mikepenz:iconics-core:2.6.0] AndroidManifest.xml:8:5-10:41
MERGED from [me.zhanghai.android.materialprogressbar:library:1.1.6] AndroidManifest.xml:12:5-14:41
MERGED from [me.zhanghai.android.materialprogressbar:library:1.1.6] AndroidManifest.xml:12:5-14:41
MERGED from [com.android.support:appcompat-v7:25.3.1] AndroidManifest.xml:21:5-23:78
MERGED from [com.android.support:appcompat-v7:25.3.1] AndroidManifest.xml:21:5-23:78
MERGED from [com.android.support:recyclerview-v7:24.0.0] AndroidManifest.xml:20:5-43
MERGED from [com.android.support:recyclerview-v7:24.0.0] AndroidManifest.xml:20:5-43
MERGED from [com.wdullaer:materialdatetimepicker:2.0.2] AndroidManifest.xml:22:5-24:41
MERGED from [com.wdullaer:materialdatetimepicker:2.0.2] AndroidManifest.xml:22:5-24:41
MERGED from [com.google.android.gms:play-services-location:9.4.0] AndroidManifest.xml:18:5-42
MERGED from [com.google.android.gms:play-services-location:9.4.0] AndroidManifest.xml:18:5-42
MERGED from [com.google.android.gms:play-services-places:9.4.0] AndroidManifest.xml:18:5-42
MERGED from [com.google.android.gms:play-services-places:9.4.0] AndroidManifest.xml:18:5-42
MERGED from [com.google.android.gms:play-services-maps:9.4.0] AndroidManifest.xml:26:5-42
MERGED from [com.google.android.gms:play-services-maps:9.4.0] AndroidManifest.xml:26:5-42
MERGED from [com.google.android.gms:play-services-ads:9.4.0] AndroidManifest.xml:19:5-42
MERGED from [com.google.android.gms:play-services-ads:9.4.0] AndroidManifest.xml:19:5-42
MERGED from [com.google.android.gms:play-services-clearcut:9.4.0] AndroidManifest.xml:18:5-42
MERGED from [com.google.android.gms:play-services-clearcut:9.4.0] AndroidManifest.xml:18:5-42
MERGED from [com.google.android.gms:play-services-base:9.4.0] AndroidManifest.xml:18:5-42
MERGED from [com.google.android.gms:play-services-base:9.4.0] AndroidManifest.xml:18:5-42
MERGED from [com.google.android.gms:play-services-ads-lite:9.4.0] AndroidManifest.xml:23:5-42
MERGED from [com.google.android.gms:play-services-ads-lite:9.4.0] AndroidManifest.xml:23:5-42
MERGED from [com.google.android.gms:play-services-gass:9.4.0] AndroidManifest.xml:18:5-42
MERGED from [com.google.android.gms:play-services-gass:9.4.0] AndroidManifest.xml:18:5-42
MERGED from [com.google.android.gms:play-services-tasks:9.4.0] AndroidManifest.xml:4:5-43
MERGED from [com.google.android.gms:play-services-tasks:9.4.0] AndroidManifest.xml:4:5-43
MERGED from [com.google.android.gms:play-services-basement:9.4.0] AndroidManifest.xml:18:5-42
MERGED from [com.google.android.gms:play-services-basement:9.4.0] AndroidManifest.xml:18:5-42
MERGED from [com.android.support:support-v4:25.3.1] AndroidManifest.xml:21:5-23:54
MERGED from [com.android.support:support-v4:25.3.1] AndroidManifest.xml:21:5-23:54
MERGED from [com.android.volley:volley:1.0.0] AndroidManifest.xml:7:5-43
MERGED from [com.android.volley:volley:1.0.0] AndroidManifest.xml:7:5-43
MERGED from [com.github.satyan:sugar:1.5] AndroidManifest.xml:7:5-9:41
MERGED from [com.github.satyan:sugar:1.5] AndroidManifest.xml:7:5-9:41
MERGED from [com.makeramen:roundedimageview:2.2.1] AndroidManifest.xml:7:5-43
MERGED from [com.makeramen:roundedimageview:2.2.1] AndroidManifest.xml:7:5-43
MERGED from [com.github.clans:fab:1.6.4] AndroidManifest.xml:8:5-10:41
MERGED from [com.github.clans:fab:1.6.4] AndroidManifest.xml:8:5-10:41
MERGED from [com.android.support:multidex:1.0.2] AndroidManifest.xml:20:5-43
MERGED from [com.android.support:multidex:1.0.2] AndroidManifest.xml:20:5-43
MERGED from [com.facebook.android:facebook-places:4.28.0] AndroidManifest.xml:24:5-26:41
MERGED from [com.facebook.android:facebook-places:4.28.0] AndroidManifest.xml:24:5-26:41
MERGED from [com.facebook.android:facebook-applinks:4.28.0] AndroidManifest.xml:24:5-26:41
MERGED from [com.facebook.android:facebook-applinks:4.28.0] AndroidManifest.xml:24:5-26:41
MERGED from [com.facebook.android:facebook-messenger:4.28.0] AndroidManifest.xml:24:5-26:41
MERGED from [com.facebook.android:facebook-messenger:4.28.0] AndroidManifest.xml:24:5-26:41
MERGED from [com.facebook.android:facebook-core:4.28.0] AndroidManifest.xml:24:5-26:41
MERGED from [com.facebook.android:facebook-core:4.28.0] AndroidManifest.xml:24:5-26:41
MERGED from [com.android.support:support-fragment:25.3.1] AndroidManifest.xml:21:5-23:60
MERGED from [com.android.support:support-fragment:25.3.1] AndroidManifest.xml:21:5-23:60
MERGED from [com.android.support:support-core-utils:25.3.1] AndroidManifest.xml:21:5-23:61
MERGED from [com.android.support:support-core-utils:25.3.1] AndroidManifest.xml:21:5-23:61
MERGED from [com.android.support:customtabs:25.3.1] AndroidManifest.xml:20:5-44
MERGED from [com.android.support:customtabs:25.3.1] AndroidManifest.xml:20:5-44
MERGED from [com.android.support:animated-vector-drawable:25.3.1] AndroidManifest.xml:20:5-44
MERGED from [com.android.support:animated-vector-drawable:25.3.1] AndroidManifest.xml:20:5-44
MERGED from [com.android.support:support-vector-drawable:25.3.1] AndroidManifest.xml:20:5-43
MERGED from [com.android.support:support-vector-drawable:25.3.1] AndroidManifest.xml:20:5-43
MERGED from [com.android.support:support-media-compat:25.3.1] AndroidManifest.xml:21:5-23:63
MERGED from [com.android.support:support-media-compat:25.3.1] AndroidManifest.xml:21:5-23:63
MERGED from [com.android.support:support-core-ui:25.3.1] AndroidManifest.xml:21:5-23:58
MERGED from [com.android.support:support-core-ui:25.3.1] AndroidManifest.xml:21:5-23:58
MERGED from [com.android.support:support-compat:25.3.1] AndroidManifest.xml:21:5-23:58
MERGED from [com.android.support:support-compat:25.3.1] AndroidManifest.xml:21:5-23:58
INJECTED from src\main\AndroidManifest.xml
INJECTED from src\main\AndroidManifest.xml
	tools:overrideLibrary
		ADDED from [com.afollestad.material-dialogs:core:0.8.6.1] AndroidManifest.xml:11:9-72
	android:targetSdkVersion
		INJECTED from src\main\AndroidManifest.xml
		ADDED from src\main\AndroidManifest.xml
		INJECTED from src\main\AndroidManifest.xml
	android:minSdkVersion
		INJECTED from src\main\AndroidManifest.xml
		ADDED from src\main\AndroidManifest.xml
		INJECTED from src\main\AndroidManifest.xml
activity#com.mikepenz.aboutlibraries.ui.LibsActivity
ADDED from [com.mikepenz:aboutlibraries:5.6.7] AndroidManifest.xml:12:9-80
	android:name
		ADDED from [com.mikepenz:aboutlibraries:5.6.7] AndroidManifest.xml:12:19-77
activity#com.facebook.CustomTabMainActivity
ADDED from [com.facebook.android:facebook-common:4.28.0] AndroidManifest.xml:33:9-71
	android:name
		ADDED from [com.facebook.android:facebook-common:4.28.0] AndroidManifest.xml:33:19-68
meta-data#android.support.VERSION
ADDED from [com.android.support:cardview-v7:25.3.1] AndroidManifest.xml:22:5-24:34
MERGED from [com.android.support:appcompat-v7:25.3.1] AndroidManifest.xml:25:5-27:34
MERGED from [com.android.support:appcompat-v7:25.3.1] AndroidManifest.xml:25:5-27:34
MERGED from [com.android.support:support-v4:25.3.1] AndroidManifest.xml:25:5-27:34
MERGED from [com.android.support:support-v4:25.3.1] AndroidManifest.xml:25:5-27:34
MERGED from [com.android.support:support-fragment:25.3.1] AndroidManifest.xml:25:5-27:34
MERGED from [com.android.support:support-fragment:25.3.1] AndroidManifest.xml:25:5-27:34
MERGED from [com.android.support:support-core-utils:25.3.1] AndroidManifest.xml:25:5-27:34
MERGED from [com.android.support:support-core-utils:25.3.1] AndroidManifest.xml:25:5-27:34
MERGED from [com.android.support:customtabs:25.3.1] AndroidManifest.xml:22:5-24:34
MERGED from [com.android.support:customtabs:25.3.1] AndroidManifest.xml:22:5-24:34